2022-01-30 11:34:16.561 [main] INFO  VMInfo - VMInfo# operatingSystem class => com.sun.management.internal.OperatingSystemImpl
2022-01-30 11:34:16.589 [main] INFO  Engine - the machine info  => 

	osInfo:	Oracle Corporation 11 11.0.12+8-LTS-237
	jvmInfo:	Mac OS X x86_64 11.4
	cpu num:	8

	totalPhysicalMemory:	-0.00G
	freePhysicalMemory:	-0.00G
	maxFileDescriptorCount:	-1
	currentOpenFileDescriptorCount:	-1

	GC Names	[G1 Young Generation, G1 Old Generation]

	MEMORY_NAME                    | allocation_size                | init_size                      
	CodeHeap 'profiled nmethods'   | 117.21MB                       | 2.44MB                         
	G1 Old Gen                     | 1,024.00MB                     | 970.00MB                       
	G1 Survivor Space              | -0.00MB                        | 0.00MB                         
	CodeHeap 'non-profiled nmethods' | 117.22MB                       | 2.44MB                         
	Compressed Class Space         | 1,024.00MB                     | 0.00MB                         
	Metaspace                      | -0.00MB                        | 0.00MB                         
	G1 Eden Space                  | -0.00MB                        | 54.00MB                        
	CodeHeap 'non-nmethods'        | 5.57MB                         | 2.44MB                         


2022-01-30 11:34:16.625 [main] INFO  Engine - 
{
	"content":[
		{
			"reader":{
				"name":"streamreader",
				"parameter":{
					"column":[
						{
							"type":"string",
							"value":"DataX"
						},
						{
							"type":"long",
							"value":19890604
						},
						{
							"type":"date",
							"value":"1989-06-04 00:00:00"
						},
						{
							"type":"bool",
							"value":true
						},
						{
							"type":"bytes",
							"value":"test"
						}
					],
					"sliceRecordCount":100000
				}
			},
			"writer":{
				"name":"streamwriter",
				"parameter":{
					"encoding":"UTF-8",
					"print":false
				}
			}
		}
	],
	"setting":{
		"errorLimit":{
			"percentage":0.02,
			"record":0
		},
		"speed":{
			"byte":10485760
		}
	}
}

2022-01-30 11:34:16.649 [main] WARN  Engine - prioriy set to 0, because NumberFormatException, the value is: null
2022-01-30 11:34:16.650 [main] INFO  PerfTrace - PerfTrace traceId=job_-1, isEnable=false, priority=0
2022-01-30 11:34:16.650 [main] INFO  JobContainer - DataX jobContainer starts job.
2022-01-30 11:34:16.655 [main] INFO  JobContainer - Set jobId = 0
2022-01-30 11:34:16.708 [job-0] INFO  JobContainer - jobContainer starts to do prepare ...
2022-01-30 11:34:16.708 [job-0] INFO  JobContainer - DataX Reader.Job [streamreader] do prepare work .
2022-01-30 11:34:16.709 [job-0] INFO  JobContainer - DataX Writer.Job [streamwriter] do prepare work .
2022-01-30 11:34:16.709 [job-0] INFO  JobContainer - jobContainer starts to do split ...
2022-01-30 11:34:16.717 [job-0] ERROR JobContainer - Exception when job run
com.alibaba.datax.common.exception.DataXException: Code:[Framework-03], Description:[DataX引擎配置错误，该问题通常是由于DataX安装错误引起，请联系您的运维解决 .].  - 在有总bps限速条件下，单个channel的bps值不能为空，也不能为非正数
	at com.alibaba.datax.common.exception.DataXException.asDataXException(DataXException.java:26) ~[datax-common-0.0.1-SNAPSHOT.jar:na]
	at com.alibaba.datax.core.job.JobContainer.adjustChannelNumber(JobContainer.java:430) ~[datax-core-0.0.1-SNAPSHOT.jar:na]
	at com.alibaba.datax.core.job.JobContainer.split(JobContainer.java:387) ~[datax-core-0.0.1-SNAPSHOT.jar:na]
	at com.alibaba.datax.core.job.JobContainer.start(JobContainer.java:117) ~[datax-core-0.0.1-SNAPSHOT.jar:na]
	at com.alibaba.datax.core.Engine.start(Engine.java:92) ~[datax-core-0.0.1-SNAPSHOT.jar:na]
	at com.alibaba.datax.core.Engine.entry(Engine.java:171) ~[datax-core-0.0.1-SNAPSHOT.jar:na]
	at com.alibaba.datax.core.Engine.main(Engine.java:204) ~[datax-core-0.0.1-SNAPSHOT.jar:na]
2022-01-30 11:34:16.725 [job-0] INFO  StandAloneJobContainerCommunicator - Total 0 records, 0 bytes | Speed 0B/s, 0 records/s | Error 0 records, 0 bytes |  All Task WaitWriterTime 0.000s |  All Task WaitReaderTime 0.000s | Percentage 0.00%
2022-01-30 11:34:16.727 [job-0] ERROR Engine - 

经DataX智能分析,该任务最可能的错误原因是:
com.alibaba.datax.common.exception.DataXException: Code:[Framework-03], Description:[DataX引擎配置错误，该问题通常是由于DataX安装错误引起，请联系您的运维解决 .].  - 在有总bps限速条件下，单个channel的bps值不能为空，也不能为非正数
	at com.alibaba.datax.common.exception.DataXException.asDataXException(DataXException.java:26)
	at com.alibaba.datax.core.job.JobContainer.adjustChannelNumber(JobContainer.java:430)
	at com.alibaba.datax.core.job.JobContainer.split(JobContainer.java:387)
	at com.alibaba.datax.core.job.JobContainer.start(JobContainer.java:117)
	at com.alibaba.datax.core.Engine.start(Engine.java:92)
	at com.alibaba.datax.core.Engine.entry(Engine.java:171)
	at com.alibaba.datax.core.Engine.main(Engine.java:204)

